# JRE version: OpenJDK Runtime Environment Corretto-17.0.8.8.1 (17.0.8.1+8) (build 17.0.8.1+8-LTS)
# Java VM: OpenJDK 64-Bit Server VM Corretto-17.0.8.8.1 (17.0.8.1+8-LTS, mixed mode, emulated-client, sharing, tiered, compressed oops, compressed class ptrs, g1 gc, bsd-amd64)
GC Precious Log:
 CPUs: 4 total, 4 available
 Memory: 4096M
 Large Page Support: Disabled
 NUMA Support: Disabled
 Compressed Oops: Enabled (Zero based)
 Heap Region Size: 1M
 Heap Min Capacity: 8M
 Heap Initial Capacity: 64M
 Heap Max Capacity: 1G
 Pre-touch: Disabled
 Parallel Workers: 4
 Concurrent Workers: 1
 Concurrent Refinement Workers: 4
 Periodic GC: Disabled
Heap:
 garbage-first heap   total 126976K, used 62674K [0x00000007c0000000, 0x0000000800000000)
  region size 1024K, 19 young (19456K), 1 survivors (1024K)
 Metaspace       used 86300K, committed 87488K, reserved 1179648K
  class space    used 12434K, committed 12864K, reserved 1048576K
GC Heap History (20 events):
Event: 22873.895 GC heap before
{Heap before GC invocations=456 (full 71):
 garbage-first heap   total 126976K, used 104279K [0x00000007c0000000, 0x0000000800000000)
  region size 1024K, 61 young (62464K), 4 survivors (4096K)
 Metaspace       used 86255K, committed 87488K, reserved 1179648K
  class space    used 12425K, committed 12864K, reserved 1048576K
}
Event: 22874.016 GC heap after
{Heap after GC invocations=457 (full 71):
 garbage-first heap   total 126976K, used 45319K [0x00000007c0000000, 0x0000000800000000)
  region size 1024K, 3 young (3072K), 3 survivors (3072K)
 Metaspace       used 86255K, committed 87488K, reserved 1179648K
  class space    used 12425K, committed 12864K, reserved 1048576K
}
Event: 22933.150 GC heap before
{Heap before GC invocations=457 (full 71):
 garbage-first heap   total 126976K, used 104711K [0x00000007c0000000, 0x0000000800000000)
  region size 1024K, 61 young (62464K), 3 survivors (3072K)
 Metaspace       used 86265K, committed 87488K, reserved 1179648K
  class space    used 12427K, committed 12864K, reserved 1048576K
}
Event: 22933.310 GC heap after
{Heap after GC invocations=458 (full 71):
 garbage-first heap   total 126976K, used 45519K [0x00000007c0000000, 0x0000000800000000)
  region size 1024K, 3 young (3072K), 3 survivors (3072K)
 Metaspace       used 86265K, committed 87488K, reserved 1179648K
  class space    used 12427K, committed 12864K, reserved 1048576K
}
Event: 22994.017 GC heap before
{Heap before GC invocations=458 (full 71):
 garbage-first heap   total 126976K, used 105935K [0x00000007c0000000, 0x0000000800000000)
  region size 1024K, 62 young (63488K), 3 survivors (3072K)
 Metaspace       used 86265K, committed 87488K, reserved 1179648K
  class space    used 12427K, committed 12864K, reserved 1048576K
}
Event: 22994.229 GC heap after
{Heap after GC invocations=459 (full 71):
 garbage-first heap   total 126976K, used 45650K [0x00000007c0000000, 0x0000000800000000)
  region size 1024K, 3 young (3072K), 3 survivors (3072K)
 Metaspace       used 86265K, committed 87488K, reserved 1179648K
  class space    used 12427K, committed 12864K, reserved 1048576K
}
Event: 23056.318 GC heap before
{Heap before GC invocations=459 (full 71):
 garbage-first heap   total 126976K, used 107090K [0x00000007c0000000, 0x0000000800000000)
  region size 1024K, 63 young (64512K), 3 survivors (3072K)
 Metaspace       used 86268K, committed 87488K, reserved 1179648K
  class space    used 12428K, committed 12864K, reserved 1048576K
}
Event: 23057.360 GC heap after
{Heap after GC invocations=460 (full 71):
 garbage-first heap   total 126976K, used 45347K [0x00000007c0000000, 0x0000000800000000)
  region size 1024K, 3 young (3072K), 3 survivors (3072K)
 Metaspace       used 86268K, committed 87488K, reserved 1179648K
  class space    used 12428K, committed 12864K, reserved 1048576K
}
Event: 23060.763 GC heap before
{Heap before GC invocations=460 (full 71):
 garbage-first heap   total 126976K, used 48419K [0x00000007c0000000, 0x0000000800000000)
  region size 1024K, 6 young (6144K), 3 survivors (3072K)
 Metaspace       used 86268K, committed 87488K, reserved 1179648K
  class space    used 12428K, committed 12864K, reserved 1048576K
}
Event: 23061.585 GC heap after
{Heap after GC invocations=461 (full 71):
 garbage-first heap   total 126976K, used 45635K [0x00000007c0000000, 0x0000000800000000)
  region size 1024K, 1 young (1024K), 1 survivors (1024K)
 Metaspace       used 86268K, committed 87488K, reserved 1179648K
  class space    used 12428K, committed 12864K, reserved 1048576K
}
Event: 23066.803 GC heap before
{Heap before GC invocations=461 (full 71):
 garbage-first heap   total 126976K, used 50755K [0x00000007c0000000, 0x0000000800000000)
  region size 1024K, 6 young (6144K), 1 survivors (1024K)
 Metaspace       used 86268K, committed 87488K, reserved 1179648K
  class space    used 12428K, committed 12864K, reserved 1048576K
}
Event: 23066.847 GC heap after
{Heap after GC invocations=462 (full 71):
 garbage-first heap   total 126976K, used 45306K [0x00000007c0000000, 0x0000000800000000)
  region size 1024K, 1 young (1024K), 1 survivors (1024K)
 Metaspace       used 86268K, committed 87488K, reserved 1179648K
  class space    used 12428K, committed 12864K, reserved 1048576K
}
Event: 23079.231 GC heap before
{Heap before GC invocations=462 (full 71):
 garbage-first heap   total 126976K, used 56570K [0x00000007c0000000, 0x0000000800000000)
  region size 1024K, 12 young (12288K), 1 survivors (1024K)
 Metaspace       used 86268K, committed 87488K, reserved 1179648K
  class space    used 12428K, committed 12864K, reserved 1048576K
}
Event: 23079.435 GC heap after
{Heap after GC invocations=463 (full 71):
 garbage-first heap   total 126976K, used 45227K [0x00000007c0000000, 0x0000000800000000)
  region size 1024K, 1 young (1024K), 1 survivors (1024K)
 Metaspace       used 86268K, committed 87488K, reserved 1179648K
  class space    used 12428K, committed 12864K, reserved 1048576K
}
Event: 23105.978 GC heap before
{Heap before GC invocations=463 (full 71):
 garbage-first heap   total 126976K, used 70827K [0x00000007c0000000, 0x0000000800000000)
  region size 1024K, 26 young (26624K), 1 survivors (1024K)
 Metaspace       used 86285K, committed 87488K, reserved 1179648K
  class space    used 12430K, committed 12864K, reserved 1048576K
}
Event: 23106.894 GC heap after
{Heap after GC invocations=464 (full 71):
 garbage-first heap   total 126976K, used 45475K [0x00000007c0000000, 0x0000000800000000)
  region size 1024K, 1 young (1024K), 1 survivors (1024K)
 Metaspace       used 86285K, committed 87488K, reserved 1179648K
  class space    used 12430K, committed 12864K, reserved 1048576K
}
Event: 23112.335 GC heap before
{Heap before GC invocations=464 (full 71):
 garbage-first heap   total 126976K, used 50595K [0x00000007c0000000, 0x0000000800000000)
  region size 1024K, 6 young (6144K), 1 survivors (1024K)
 Metaspace       used 86291K, committed 87488K, reserved 1179648K
  class space    used 12431K, committed 12864K, reserved 1048576K
}
Event: 23112.977 GC heap after
{Heap after GC invocations=465 (full 71):
 garbage-first heap   total 126976K, used 45308K [0x00000007c0000000, 0x0000000800000000)
  region size 1024K, 1 young (1024K), 1 survivors (1024K)
 Metaspace       used 86291K, committed 87488K, reserved 1179648K
  class space    used 12431K, committed 12864K, reserved 1048576K
}
Event: 23117.674 GC heap before
{Heap before GC invocations=465 (full 71):
 garbage-first heap   total 126976K, used 50428K [0x00000007c0000000, 0x0000000800000000)
  region size 1024K, 6 young (6144K), 1 survivors (1024K)
 Metaspace       used 86291K, committed 87488K, reserved 1179648K
  class space    used 12431K, committed 12864K, reserved 1048576K
}
Event: 23117.693 GC heap after
{Heap after GC invocations=466 (full 71):
 garbage-first heap   total 126976K, used 45266K [0x00000007c0000000, 0x0000000800000000)
  region size 1024K, 1 young (1024K), 1 survivors (1024K)
 Metaspace       used 86291K, committed 87488K, reserved 1179648K
  class space    used 12431K, committed 12864K, reserved 1048576K
}

